<?xml version="1.0" encoding="UTF-8"?>
<testng-results skipped="0" failed="0" ignored="0" total="1" passed="1">
  <reporter-output>
  </reporter-output>
  <suite name="Default suite" duration-ms="13800" started-at="2020-02-16T20:57:42Z" finished-at="2020-02-16T20:57:56Z">
    <groups>
    </groups>
    <test name="Default test" duration-ms="13800" started-at="2020-02-16T20:57:42Z" finished-at="2020-02-16T20:57:56Z">
      <class name="com.prueba.webdriver.LoginTest">
        <test-method status="PASS" signature="setup()[pri:0, instance:com.prueba.webdriver.LoginTest@7cd62f43]" name="setup" is-config="true" duration-ms="12100" started-at="2020-02-16T15:57:42Z" finished-at="2020-02-16T15:57:55Z">
          <reporter-output>
          </reporter-output>
        </test-method> <!-- setup -->
        <test-method status="PASS" signature="Login()[pri:1, instance:com.prueba.webdriver.LoginTest@7cd62f43]" name="Login" duration-ms="1672" started-at="2020-02-16T15:57:55Z" finished-at="2020-02-16T15:57:56Z">
          <reporter-output>
          </reporter-output>
        </test-method> <!-- Login -->
      </class> <!-- com.prueba.webdriver.LoginTest -->
    </test> <!-- Default test -->
  </suite> <!-- Default suite -->
</testng-results>
